2018-08-07 09:17:36,650 [INFO] [main] com.syscloud.eureka.HmstCloudEurekaApplication [SpringApplication.java : 663] The following profiles are active: dev
2018-08-07 09:17:36,680 [INFO] [main] o.s.b.w.s.c.AnnotationConfigServletWebServerApplicationContext [AbstractApplicationContext.java : 590] Refreshing org.springframework.boot.web.servlet.context.AnnotationConfigServletWebServerApplicationContext@6ac97b84: startup date [Tue Aug 07 09:17:36 CST 2018]; parent: org.springframework.context.annotation.AnnotationConfigApplicationContext@2b5825fa
2018-08-07 09:17:38,393 [INFO] [main] o.s.beans.factory.support.DefaultListableBeanFactory [DefaultListableBeanFactory.java : 824] Overriding bean definition for bean 'environmentWebEndpointExtension' with a different definition: replacing [Root bean: class [null]; scope=; abstract=false; lazyInit=false; autowireMode=3; dependencyCheck=0; autowireCandidate=true; primary=false; factoryBeanName=org.springframework.boot.actuate.autoconfigure.env.EnvironmentEndpointAutoConfiguration; factoryMethodName=environmentWebEndpointExtension; initMethodName=null; destroyMethodName=(inferred); defined in class path resource [org/springframework/boot/actuate/autoconfigure/env/EnvironmentEndpointAutoConfiguration.class]] with [Root bean: class [null]; scope=; abstract=false; lazyInit=false; autowireMode=3; dependencyCheck=0; autowireCandidate=true; primary=false; factoryBeanName=org.springframework.cloud.autoconfigure.LifecycleMvcEndpointAutoConfiguration$EndpointConfiguration; factoryMethodName=environmentWebEndpointExtension; initMethodName=null; destroyMethodName=(inferred); defined in class path resource [org/springframework/cloud/autoconfigure/LifecycleMvcEndpointAutoConfiguration$EndpointConfiguration.class]]
2018-08-07 09:17:39,860 [INFO] [main] org.springframework.cloud.context.scope.GenericScope [GenericScope.java : 293] BeanFactory id=8f994c3a-9157-3903-80e0-c0b38b645514
2018-08-07 09:17:39,899 [INFO] [main] o.s.b.f.annotation.AutowiredAnnotationBeanPostProcessor [AutowiredAnnotationBeanPostProcessor.java : 154] JSR-330 'javax.inject.Inject' annotation found and supported for autowiring
2018-08-07 09:17:40,053 [INFO] [main] o.s.c.s.PostProcessorRegistrationDelegate$BeanPostProcessorChecker [PostProcessorRegistrationDelegate.java : 328] Bean 'org.springframework.cloud.autoconfigure.ConfigurationPropertiesRebinderAutoConfiguration' of type [org.springframework.cloud.autoconfigure.ConfigurationPropertiesRebinderAutoConfiguration$$EnhancerBySpringCGLIB$$aa9d75c2] is not eligible for getting processed by all BeanPostProcessors (for example: not eligible for auto-proxying)
2018-08-07 09:17:40,986 [INFO] [main] org.springframework.boot.web.embedded.tomcat.TomcatWebServer [TomcatWebServer.java : 91] Tomcat initialized with port(s): 8761 (http)
2018-08-07 09:17:41,060 [INFO] [main] org.apache.catalina.core.StandardService [DirectJDKLog.java : 180] Starting service [Tomcat]
2018-08-07 09:17:41,061 [INFO] [main] org.apache.catalina.core.StandardEngine [DirectJDKLog.java : 180] Starting Servlet Engine: Apache Tomcat/8.5.29
2018-08-07 09:17:41,118 [INFO] [localhost-startStop-1] org.apache.catalina.core.AprLifecycleListener [DirectJDKLog.java : 180] The APR based Apache Tomcat Native library which allows optimal performance in production environments was not found on the java.library.path: [C:\Program Files\Java\jdk1.8.0_91\bin;C:\windows\Sun\Java\bin;C:\windows\system32;C:\windows;C:\Program Files\VanDyke Software\Clients\;C:\ProgramData\Oracle\Java\javapath;D:\apache-maven-3.3.9-bin\apache-maven-3.3.9\bin;C:\Program Files\Java\jdk1.8.0_91\bin;C:\Program Files\Java\jdk1.8.0_91\jre\bin;C:\windows\system32;C:\windows;C:\windows\System32\Wbem;C:\windows\System32\WindowsPowerShell\v1.0\;C:\Program Files (x86)\Microsoft SQL Server\100\Tools\Binn\;C:\Program Files\Microsoft SQL Server\100\Tools\Binn\;C:\Program Files\Microsoft SQL Server\100\DTS\Binn\;C:\Program Files (x86)\Microsoft SQL Server\100\Tools\Binn\VSShell\Common7\IDE\;C:\Program Files (x86)\Microsoft Visual Studio 9.0\Common7\IDE\PrivateAssemblies\;C:\Program Files (x86)\Microsoft SQL Server\100\DTS\Binn\;C:\Program Files\Microsoft\Web Platform Installer\;C:\Program Files\Microsoft SQL Server\130\Tools\Binn\;D:\svn\bin;C:\Program Files\Java\jdk1.8.0_91\jre\bin;C:\Program Files\Git\cmd;G:\hadoop-2.6.1\bin;C:\Users\Administrator\.dnx\bin;C:\Program Files (x86)\SSH Communications Security\SSH Secure Shell;F:\ssh;C:\Users\Administrator\AppData\Local\Programs\Fiddler;G:\hadoop-2.6.1\bin;.]
2018-08-07 09:17:41,284 [INFO] [localhost-startStop-1] o.a.catalina.core.ContainerBase.[Tomcat].[localhost].[/] [DirectJDKLog.java : 180] Initializing Spring embedded WebApplicationContext
2018-08-07 09:17:41,285 [INFO] [localhost-startStop-1] org.springframework.web.context.ContextLoader [ServletWebServerApplicationContext.java : 285] Root WebApplicationContext: initialization completed in 4605 ms
2018-08-07 09:17:43,313 [INFO] [localhost-startStop-1] org.springframework.boot.web.servlet.FilterRegistrationBean [AbstractFilterRegistrationBean.java : 244] Mapping filter: 'characterEncodingFilter' to: [/*]
2018-08-07 09:17:43,314 [INFO] [localhost-startStop-1] org.springframework.boot.web.servlet.FilterRegistrationBean [AbstractFilterRegistrationBean.java : 244] Mapping filter: 'hiddenHttpMethodFilter' to: [/*]
2018-08-07 09:17:43,314 [INFO] [localhost-startStop-1] org.springframework.boot.web.servlet.FilterRegistrationBean [AbstractFilterRegistrationBean.java : 244] Mapping filter: 'httpPutFormContentFilter' to: [/*]
2018-08-07 09:17:43,314 [INFO] [localhost-startStop-1] org.springframework.boot.web.servlet.FilterRegistrationBean [AbstractFilterRegistrationBean.java : 244] Mapping filter: 'requestContextFilter' to: [/*]
2018-08-07 09:17:43,315 [INFO] [localhost-startStop-1] o.s.boot.web.servlet.DelegatingFilterProxyRegistrationBean [AbstractFilterRegistrationBean.java : 244] Mapping filter: 'springSecurityFilterChain' to: [/*]
2018-08-07 09:17:43,316 [INFO] [localhost-startStop-1] org.springframework.boot.web.servlet.FilterRegistrationBean [AbstractFilterRegistrationBean.java : 244] Mapping filter: 'httpTraceFilter' to: [/*]
2018-08-07 09:17:43,316 [INFO] [localhost-startStop-1] org.springframework.boot.web.servlet.FilterRegistrationBean [AbstractFilterRegistrationBean.java : 244] Mapping filter: 'webMvcMetricsFilter' to: [/*]
2018-08-07 09:17:43,316 [INFO] [localhost-startStop-1] org.springframework.boot.web.servlet.FilterRegistrationBean [AbstractFilterRegistrationBean.java : 257] Mapping filter: 'servletContainer' to urls: [/eureka/*]
2018-08-07 09:17:43,316 [INFO] [localhost-startStop-1] org.springframework.boot.web.servlet.ServletRegistrationBean [ServletRegistrationBean.java : 185] Servlet dispatcherServlet mapped to [/]
2018-08-07 09:17:43,470 [INFO] [localhost-startStop-1] com.sun.jersey.server.impl.application.WebApplicationImpl [WebApplicationImpl.java : 815] Initiating Jersey application, version 'Jersey: 1.19.1 03/11/2016 02:08 PM'
2018-08-07 09:17:43,590 [INFO] [localhost-startStop-1] com.netflix.discovery.provider.DiscoveryJerseyProvider [DiscoveryJerseyProvider.java : 70] Using JSON encoding codec LegacyJacksonJson
2018-08-07 09:17:43,593 [INFO] [localhost-startStop-1] com.netflix.discovery.provider.DiscoveryJerseyProvider [DiscoveryJerseyProvider.java : 71] Using JSON decoding codec LegacyJacksonJson
2018-08-07 09:17:43,936 [INFO] [localhost-startStop-1] com.netflix.discovery.provider.DiscoveryJerseyProvider [DiscoveryJerseyProvider.java : 80] Using XML encoding codec XStreamXml
2018-08-07 09:17:43,936 [INFO] [localhost-startStop-1] com.netflix.discovery.provider.DiscoveryJerseyProvider [DiscoveryJerseyProvider.java : 81] Using XML decoding codec XStreamXml
2018-08-07 09:17:45,911 [INFO] [main] org.springframework.security.web.DefaultSecurityFilterChain [DefaultSecurityFilterChain.java : 43] Creating filter chain: org.springframework.security.web.util.matcher.AnyRequestMatcher@1, [org.springframework.security.web.context.request.async.WebAsyncManagerIntegrationFilter@76437e9b, org.springframework.security.web.context.SecurityContextPersistenceFilter@2c30c81d, org.springframework.security.web.header.HeaderWriterFilter@1e1237ab, org.springframework.security.web.authentication.logout.LogoutFilter@4315c28c, org.springframework.security.web.savedrequest.RequestCacheAwareFilter@a54acec, org.springframework.security.web.servletapi.SecurityContextHolderAwareRequestFilter@3c19592c, org.springframework.security.web.authentication.AnonymousAuthenticationFilter@236ae13d, org.springframework.security.web.session.SessionManagementFilter@7df6d663, org.springframework.security.web.access.ExceptionTranslationFilter@1b4872bc]
2018-08-07 09:17:46,029 [INFO] [main] o.s.web.servlet.handler.SimpleUrlHandlerMapping [AbstractUrlHandlerMapping.java : 373] Mapped URL path [/**/favicon.ico] onto handler of type [class org.springframework.web.servlet.resource.ResourceHttpRequestHandler]
2018-08-07 09:17:46,304 [INFO] [main] o.s.w.s.mvc.method.annotation.RequestMappingHandlerAdapter [RequestMappingHandlerAdapter.java : 574] Looking for @ControllerAdvice: org.springframework.boot.web.servlet.context.AnnotationConfigServletWebServerApplicationContext@6ac97b84: startup date [Tue Aug 07 09:17:36 CST 2018]; parent: org.springframework.context.annotation.AnnotationConfigApplicationContext@2b5825fa
2018-08-07 09:17:46,398 [INFO] [main] o.s.w.s.mvc.method.annotation.RequestMappingHandlerMapping [AbstractHandlerMethodMapping.java : 547] Mapped "{[/error]}" onto public org.springframework.http.ResponseEntity<java.util.Map<java.lang.String, java.lang.Object>> org.springframework.boot.autoconfigure.web.servlet.error.BasicErrorController.error(javax.servlet.http.HttpServletRequest)
2018-08-07 09:17:46,400 [INFO] [main] o.s.w.s.mvc.method.annotation.RequestMappingHandlerMapping [AbstractHandlerMethodMapping.java : 547] Mapped "{[/error],produces=[text/html]}" onto public org.springframework.web.servlet.ModelAndView org.springframework.boot.autoconfigure.web.servlet.error.BasicErrorController.errorHtml(javax.servlet.http.HttpServletRequest,javax.servlet.http.HttpServletResponse)
2018-08-07 09:17:46,405 [INFO] [main] o.s.w.s.mvc.method.annotation.RequestMappingHandlerMapping [AbstractHandlerMethodMapping.java : 547] Mapped "{[/],methods=[GET]}" onto public java.lang.String org.springframework.cloud.netflix.eureka.server.EurekaController.status(javax.servlet.http.HttpServletRequest,java.util.Map<java.lang.String, java.lang.Object>)
2018-08-07 09:17:46,406 [INFO] [main] o.s.w.s.mvc.method.annotation.RequestMappingHandlerMapping [AbstractHandlerMethodMapping.java : 547] Mapped "{[/lastn],methods=[GET]}" onto public java.lang.String org.springframework.cloud.netflix.eureka.server.EurekaController.lastn(javax.servlet.http.HttpServletRequest,java.util.Map<java.lang.String, java.lang.Object>)
2018-08-07 09:17:46,446 [INFO] [main] o.s.web.servlet.handler.SimpleUrlHandlerMapping [AbstractUrlHandlerMapping.java : 373] Mapped URL path [/webjars/**] onto handler of type [class org.springframework.web.servlet.resource.ResourceHttpRequestHandler]
2018-08-07 09:17:46,448 [INFO] [main] o.s.web.servlet.handler.SimpleUrlHandlerMapping [AbstractUrlHandlerMapping.java : 373] Mapped URL path [/**] onto handler of type [class org.springframework.web.servlet.resource.ResourceHttpRequestHandler]
2018-08-07 09:17:47,172 [INFO] [main] org.springframework.ui.freemarker.SpringTemplateLoader [SpringTemplateLoader.java : 62] SpringTemplateLoader for FreeMarker: using resource loader [org.springframework.boot.web.servlet.context.AnnotationConfigServletWebServerApplicationContext@6ac97b84: startup date [Tue Aug 07 09:17:36 CST 2018]; parent: org.springframework.context.annotation.AnnotationConfigApplicationContext@2b5825fa] and template loader path [classpath:/templates/]
2018-08-07 09:17:47,175 [INFO] [main] o.s.web.servlet.view.freemarker.FreeMarkerConfigurer [FreeMarkerConfigurer.java : 131] ClassTemplateLoader for Spring macros added to FreeMarker configuration
2018-08-07 09:17:47,521 [INFO] [main] org.springframework.cloud.netflix.eureka.InstanceInfoFactory [InstanceInfoFactory.java : 71] Setting initial instance status as: STARTING
2018-08-07 09:17:47,576 [INFO] [main] com.netflix.discovery.DiscoveryClient [DiscoveryClient.java : 349] Initializing Eureka in region us-east-1
2018-08-07 09:17:47,577 [INFO] [main] com.netflix.discovery.DiscoveryClient [DiscoveryClient.java : 352] Client configured to neither register nor query for data.
2018-08-07 09:17:47,609 [INFO] [main] com.netflix.discovery.DiscoveryClient [DiscoveryClient.java : 365] Discovery Client initialized at timestamp 1533604667607 with initial instances count: 0
2018-08-07 09:17:47,695 [INFO] [main] com.netflix.eureka.DefaultEurekaServerContext [DefaultEurekaServerContext.java : 63] Initializing ...
2018-08-07 09:17:47,697 [INFO] [main] com.netflix.eureka.cluster.PeerEurekaNodes [PeerEurekaNodes.java : 188] Adding new peer nodes [http://hm:123456@localhost:8761/eureka/]
2018-08-07 09:17:47,968 [INFO] [main] com.netflix.discovery.provider.DiscoveryJerseyProvider [DiscoveryJerseyProvider.java : 70] Using JSON encoding codec LegacyJacksonJson
2018-08-07 09:17:47,969 [INFO] [main] com.netflix.discovery.provider.DiscoveryJerseyProvider [DiscoveryJerseyProvider.java : 71] Using JSON decoding codec LegacyJacksonJson
2018-08-07 09:17:47,969 [INFO] [main] com.netflix.discovery.provider.DiscoveryJerseyProvider [DiscoveryJerseyProvider.java : 80] Using XML encoding codec XStreamXml
2018-08-07 09:17:47,969 [INFO] [main] com.netflix.discovery.provider.DiscoveryJerseyProvider [DiscoveryJerseyProvider.java : 81] Using XML decoding codec XStreamXml
2018-08-07 09:17:48,173 [INFO] [main] com.netflix.eureka.cluster.PeerEurekaNodes [PeerEurekaNodes.java : 110] Replica node URL:  http://hm:123456@localhost:8761/eureka/
2018-08-07 09:17:48,226 [INFO] [main] com.netflix.eureka.registry.AbstractInstanceRegistry [AbstractInstanceRegistry.java : 151] Finished initializing remote region registries. All known remote regions: []
2018-08-07 09:17:48,228 [INFO] [main] com.netflix.eureka.DefaultEurekaServerContext [DefaultEurekaServerContext.java : 66] Initialized
2018-08-07 09:17:48,273 [INFO] [main] o.s.boot.actuate.endpoint.web.EndpointLinksResolver [EndpointLinksResolver.java : 59] Exposing 18 endpoint(s) beneath base path '/actuator'
2018-08-07 09:17:48,287 [INFO] [main] o.s.b.a.endpoint.web.servlet.WebMvcEndpointHandlerMapping [AbstractHandlerMethodMapping.java : 547] Mapped "{[/actuator/auditevents],methods=[GET],produces=[application/vnd.spring-boot.actuator.v2+json || application/json]}" onto public java.lang.Object org.springframework.boot.actuate.endpoint.web.servlet.AbstractWebMvcEndpointHandlerMapping$OperationHandler.handle(javax.servlet.http.HttpServletRequest,java.util.Map<java.lang.String, java.lang.String>)
2018-08-07 09:17:48,289 [INFO] [main] o.s.b.a.endpoint.web.servlet.WebMvcEndpointHandlerMapping [AbstractHandlerMethodMapping.java : 547] Mapped "{[/actuator/beans],methods=[GET],produces=[application/vnd.spring-boot.actuator.v2+json || application/json]}" onto public java.lang.Object org.springframework.boot.actuate.endpoint.web.servlet.AbstractWebMvcEndpointHandlerMapping$OperationHandler.handle(javax.servlet.http.HttpServletRequest,java.util.Map<java.lang.String, java.lang.String>)
2018-08-07 09:17:48,291 [INFO] [main] o.s.b.a.endpoint.web.servlet.WebMvcEndpointHandlerMapping [AbstractHandlerMethodMapping.java : 547] Mapped "{[/actuator/health],methods=[GET],produces=[application/vnd.spring-boot.actuator.v2+json || application/json]}" onto public java.lang.Object org.springframework.boot.actuate.endpoint.web.servlet.AbstractWebMvcEndpointHandlerMapping$OperationHandler.handle(javax.servlet.http.HttpServletRequest,java.util.Map<java.lang.String, java.lang.String>)
2018-08-07 09:17:48,292 [INFO] [main] o.s.b.a.endpoint.web.servlet.WebMvcEndpointHandlerMapping [AbstractHandlerMethodMapping.java : 547] Mapped "{[/actuator/conditions],methods=[GET],produces=[application/vnd.spring-boot.actuator.v2+json || application/json]}" onto public java.lang.Object org.springframework.boot.actuate.endpoint.web.servlet.AbstractWebMvcEndpointHandlerMapping$OperationHandler.handle(javax.servlet.http.HttpServletRequest,java.util.Map<java.lang.String, java.lang.String>)
2018-08-07 09:17:48,292 [INFO] [main] o.s.b.a.endpoint.web.servlet.WebMvcEndpointHandlerMapping [AbstractHandlerMethodMapping.java : 547] Mapped "{[/actuator/configprops],methods=[GET],produces=[application/vnd.spring-boot.actuator.v2+json || application/json]}" onto public java.lang.Object org.springframework.boot.actuate.endpoint.web.servlet.AbstractWebMvcEndpointHandlerMapping$OperationHandler.handle(javax.servlet.http.HttpServletRequest,java.util.Map<java.lang.String, java.lang.String>)
2018-08-07 09:17:48,292 [INFO] [main] o.s.b.a.endpoint.web.servlet.WebMvcEndpointHandlerMapping [AbstractHandlerMethodMapping.java : 547] Mapped "{[/actuator/env],methods=[GET],produces=[application/vnd.spring-boot.actuator.v2+json || application/json]}" onto public java.lang.Object org.springframework.boot.actuate.endpoint.web.servlet.AbstractWebMvcEndpointHandlerMapping$OperationHandler.handle(javax.servlet.http.HttpServletRequest,java.util.Map<java.lang.String, java.lang.String>)
2018-08-07 09:17:48,364 [INFO] [main] o.s.b.a.endpoint.web.servlet.WebMvcEndpointHandlerMapping [AbstractHandlerMethodMapping.java : 547] Mapped "{[/actuator/env/{toMatch}],methods=[GET],produces=[application/vnd.spring-boot.actuator.v2+json || application/json]}" onto public java.lang.Object org.springframework.boot.actuate.endpoint.web.servlet.AbstractWebMvcEndpointHandlerMapping$OperationHandler.handle(javax.servlet.http.HttpServletRequest,java.util.Map<java.lang.String, java.lang.String>)
2018-08-07 09:17:48,365 [INFO] [main] o.s.b.a.endpoint.web.servlet.WebMvcEndpointHandlerMapping [AbstractHandlerMethodMapping.java : 547] Mapped "{[/actuator/env],methods=[POST],consumes=[application/vnd.spring-boot.actuator.v2+json || application/json],produces=[application/vnd.spring-boot.actuator.v2+json || application/json]}" onto public java.lang.Object org.springframework.boot.actuate.endpoint.web.servlet.AbstractWebMvcEndpointHandlerMapping$OperationHandler.handle(javax.servlet.http.HttpServletRequest,java.util.Map<java.lang.String, java.lang.String>)
2018-08-07 09:17:48,366 [INFO] [main] o.s.b.a.endpoint.web.servlet.WebMvcEndpointHandlerMapping [AbstractHandlerMethodMapping.java : 547] Mapped "{[/actuator/env],methods=[DELETE],produces=[application/vnd.spring-boot.actuator.v2+json || application/json]}" onto public java.lang.Object org.springframework.boot.actuate.endpoint.web.servlet.AbstractWebMvcEndpointHandlerMapping$OperationHandler.handle(javax.servlet.http.HttpServletRequest,java.util.Map<java.lang.String, java.lang.String>)
2018-08-07 09:17:48,367 [INFO] [main] o.s.b.a.endpoint.web.servlet.WebMvcEndpointHandlerMapping [AbstractHandlerMethodMapping.java : 547] Mapped "{[/actuator/info],methods=[GET],produces=[application/vnd.spring-boot.actuator.v2+json || application/json]}" onto public java.lang.Object org.springframework.boot.actuate.endpoint.web.servlet.AbstractWebMvcEndpointHandlerMapping$OperationHandler.handle(javax.servlet.http.HttpServletRequest,java.util.Map<java.lang.String, java.lang.String>)
2018-08-07 09:17:48,369 [INFO] [main] o.s.b.a.endpoint.web.servlet.WebMvcEndpointHandlerMapping [AbstractHandlerMethodMapping.java : 547] Mapped "{[/actuator/logfile],methods=[GET],produces=[application/octet-stream]}" onto public java.lang.Object org.springframework.boot.actuate.endpoint.web.servlet.AbstractWebMvcEndpointHandlerMapping$OperationHandler.handle(javax.servlet.http.HttpServletRequest,java.util.Map<java.lang.String, java.lang.String>)
2018-08-07 09:17:48,370 [INFO] [main] o.s.b.a.endpoint.web.servlet.WebMvcEndpointHandlerMapping [AbstractHandlerMethodMapping.java : 547] Mapped "{[/actuator/loggers],methods=[GET],produces=[application/vnd.spring-boot.actuator.v2+json || application/json]}" onto public java.lang.Object org.springframework.boot.actuate.endpoint.web.servlet.AbstractWebMvcEndpointHandlerMapping$OperationHandler.handle(javax.servlet.http.HttpServletRequest,java.util.Map<java.lang.String, java.lang.String>)
2018-08-07 09:17:48,370 [INFO] [main] o.s.b.a.endpoint.web.servlet.WebMvcEndpointHandlerMapping [AbstractHandlerMethodMapping.java : 547] Mapped "{[/actuator/loggers/{name}],methods=[GET],produces=[application/vnd.spring-boot.actuator.v2+json || application/json]}" onto public java.lang.Object org.springframework.boot.actuate.endpoint.web.servlet.AbstractWebMvcEndpointHandlerMapping$OperationHandler.handle(javax.servlet.http.HttpServletRequest,java.util.Map<java.lang.String, java.lang.String>)
2018-08-07 09:17:48,370 [INFO] [main] o.s.b.a.endpoint.web.servlet.WebMvcEndpointHandlerMapping [AbstractHandlerMethodMapping.java : 547] Mapped "{[/actuator/loggers/{name}],methods=[POST],consumes=[application/vnd.spring-boot.actuator.v2+json || application/json]}" onto public java.lang.Object org.springframework.boot.actuate.endpoint.web.servlet.AbstractWebMvcEndpointHandlerMapping$OperationHandler.handle(javax.servlet.http.HttpServletRequest,java.util.Map<java.lang.String, java.lang.String>)
2018-08-07 09:17:48,372 [INFO] [main] o.s.b.a.endpoint.web.servlet.WebMvcEndpointHandlerMapping [AbstractHandlerMethodMapping.java : 547] Mapped "{[/actuator/heapdump],methods=[GET],produces=[application/octet-stream]}" onto public java.lang.Object org.springframework.boot.actuate.endpoint.web.servlet.AbstractWebMvcEndpointHandlerMapping$OperationHandler.handle(javax.servlet.http.HttpServletRequest,java.util.Map<java.lang.String, java.lang.String>)
2018-08-07 09:17:48,372 [INFO] [main] o.s.b.a.endpoint.web.servlet.WebMvcEndpointHandlerMapping [AbstractHandlerMethodMapping.java : 547] Mapped "{[/actuator/threaddump],methods=[GET],produces=[application/vnd.spring-boot.actuator.v2+json || application/json]}" onto public java.lang.Object org.springframework.boot.actuate.endpoint.web.servlet.AbstractWebMvcEndpointHandlerMapping$OperationHandler.handle(javax.servlet.http.HttpServletRequest,java.util.Map<java.lang.String, java.lang.String>)
2018-08-07 09:17:48,373 [INFO] [main] o.s.b.a.endpoint.web.servlet.WebMvcEndpointHandlerMapping [AbstractHandlerMethodMapping.java : 547] Mapped "{[/actuator/metrics],methods=[GET],produces=[application/vnd.spring-boot.actuator.v2+json || application/json]}" onto public java.lang.Object org.springframework.boot.actuate.endpoint.web.servlet.AbstractWebMvcEndpointHandlerMapping$OperationHandler.handle(javax.servlet.http.HttpServletRequest,java.util.Map<java.lang.String, java.lang.String>)
2018-08-07 09:17:48,373 [INFO] [main] o.s.b.a.endpoint.web.servlet.WebMvcEndpointHandlerMapping [AbstractHandlerMethodMapping.java : 547] Mapped "{[/actuator/metrics/{requiredMetricName}],methods=[GET],produces=[application/vnd.spring-boot.actuator.v2+json || application/json]}" onto public java.lang.Object org.springframework.boot.actuate.endpoint.web.servlet.AbstractWebMvcEndpointHandlerMapping$OperationHandler.handle(javax.servlet.http.HttpServletRequest,java.util.Map<java.lang.String, java.lang.String>)
2018-08-07 09:17:48,374 [INFO] [main] o.s.b.a.endpoint.web.servlet.WebMvcEndpointHandlerMapping [AbstractHandlerMethodMapping.java : 547] Mapped "{[/actuator/scheduledtasks],methods=[GET],produces=[application/vnd.spring-boot.actuator.v2+json || application/json]}" onto public java.lang.Object org.springframework.boot.actuate.endpoint.web.servlet.AbstractWebMvcEndpointHandlerMapping$OperationHandler.handle(javax.servlet.http.HttpServletRequest,java.util.Map<java.lang.String, java.lang.String>)
2018-08-07 09:17:48,374 [INFO] [main] o.s.b.a.endpoint.web.servlet.WebMvcEndpointHandlerMapping [AbstractHandlerMethodMapping.java : 547] Mapped "{[/actuator/httptrace],methods=[GET],produces=[application/vnd.spring-boot.actuator.v2+json || application/json]}" onto public java.lang.Object org.springframework.boot.actuate.endpoint.web.servlet.AbstractWebMvcEndpointHandlerMapping$OperationHandler.handle(javax.servlet.http.HttpServletRequest,java.util.Map<java.lang.String, java.lang.String>)
2018-08-07 09:17:48,374 [INFO] [main] o.s.b.a.endpoint.web.servlet.WebMvcEndpointHandlerMapping [AbstractHandlerMethodMapping.java : 547] Mapped "{[/actuator/mappings],methods=[GET],produces=[application/vnd.spring-boot.actuator.v2+json || application/json]}" onto public java.lang.Object org.springframework.boot.actuate.endpoint.web.servlet.AbstractWebMvcEndpointHandlerMapping$OperationHandler.handle(javax.servlet.http.HttpServletRequest,java.util.Map<java.lang.String, java.lang.String>)
2018-08-07 09:17:48,375 [INFO] [main] o.s.b.a.endpoint.web.servlet.WebMvcEndpointHandlerMapping [AbstractHandlerMethodMapping.java : 547] Mapped "{[/actuator/refresh],methods=[POST],produces=[application/vnd.spring-boot.actuator.v2+json || application/json]}" onto public java.lang.Object org.springframework.boot.actuate.endpoint.web.servlet.AbstractWebMvcEndpointHandlerMapping$OperationHandler.handle(javax.servlet.http.HttpServletRequest,java.util.Map<java.lang.String, java.lang.String>)
2018-08-07 09:17:48,377 [INFO] [main] o.s.b.a.endpoint.web.servlet.WebMvcEndpointHandlerMapping [AbstractHandlerMethodMapping.java : 547] Mapped "{[/actuator/features],methods=[GET],produces=[application/vnd.spring-boot.actuator.v2+json || application/json]}" onto public java.lang.Object org.springframework.boot.actuate.endpoint.web.servlet.AbstractWebMvcEndpointHandlerMapping$OperationHandler.handle(javax.servlet.http.HttpServletRequest,java.util.Map<java.lang.String, java.lang.String>)
2018-08-07 09:17:48,378 [INFO] [main] o.s.b.a.endpoint.web.servlet.WebMvcEndpointHandlerMapping [AbstractHandlerMethodMapping.java : 547] Mapped "{[/actuator/service-registry],methods=[GET],produces=[application/vnd.spring-boot.actuator.v2+json || application/json]}" onto public java.lang.Object org.springframework.boot.actuate.endpoint.web.servlet.AbstractWebMvcEndpointHandlerMapping$OperationHandler.handle(javax.servlet.http.HttpServletRequest,java.util.Map<java.lang.String, java.lang.String>)
2018-08-07 09:17:48,379 [INFO] [main] o.s.b.a.endpoint.web.servlet.WebMvcEndpointHandlerMapping [AbstractHandlerMethodMapping.java : 547] Mapped "{[/actuator/service-registry],methods=[POST],consumes=[application/vnd.spring-boot.actuator.v2+json || application/json],produces=[application/vnd.spring-boot.actuator.v2+json || application/json]}" onto public java.lang.Object org.springframework.boot.actuate.endpoint.web.servlet.AbstractWebMvcEndpointHandlerMapping$OperationHandler.handle(javax.servlet.http.HttpServletRequest,java.util.Map<java.lang.String, java.lang.String>)
2018-08-07 09:17:48,380 [INFO] [main] o.s.b.a.endpoint.web.servlet.WebMvcEndpointHandlerMapping [AbstractHandlerMethodMapping.java : 547] Mapped "{[/actuator],methods=[GET],produces=[application/vnd.spring-boot.actuator.v2+json || application/json]}" onto protected java.util.Map<java.lang.String, java.util.Map<java.lang.String, org.springframework.boot.actuate.endpoint.web.Link>> org.springframework.boot.actuate.endpoint.web.servlet.WebMvcEndpointHandlerMapping.links(javax.servlet.http.HttpServletRequest,javax.servlet.http.HttpServletResponse)
2018-08-07 09:17:48,459 [INFO] [main] o.s.jmx.export.annotation.AnnotationMBeanExporter [MBeanExporter.java : 433] Registering beans for JMX exposure on startup
2018-08-07 09:17:48,477 [INFO] [main] o.s.jmx.export.annotation.AnnotationMBeanExporter [MBeanExporter.java : 895] Bean with name 'configurationPropertiesRebinder' has been autodetected for JMX exposure
2018-08-07 09:17:48,478 [INFO] [main] o.s.jmx.export.annotation.AnnotationMBeanExporter [MBeanExporter.java : 895] Bean with name 'environmentManager' has been autodetected for JMX exposure
2018-08-07 09:17:48,479 [INFO] [main] o.s.jmx.export.annotation.AnnotationMBeanExporter [MBeanExporter.java : 895] Bean with name 'refreshScope' has been autodetected for JMX exposure
2018-08-07 09:17:48,483 [INFO] [main] o.s.jmx.export.annotation.AnnotationMBeanExporter [MBeanExporter.java : 675] Located managed bean 'environmentManager': registering with JMX server as MBean [org.springframework.cloud.context.environment:name=environmentManager,type=EnvironmentManager]
2018-08-07 09:17:48,502 [INFO] [main] o.s.jmx.export.annotation.AnnotationMBeanExporter [MBeanExporter.java : 675] Located managed bean 'refreshScope': registering with JMX server as MBean [org.springframework.cloud.context.scope.refresh:name=refreshScope,type=RefreshScope]
2018-08-07 09:17:48,519 [INFO] [main] o.s.jmx.export.annotation.AnnotationMBeanExporter [MBeanExporter.java : 675] Located managed bean 'configurationPropertiesRebinder': registering with JMX server as MBean [org.springframework.cloud.context.properties:name=configurationPropertiesRebinder,context=6ac97b84,type=ConfigurationPropertiesRebinder]
2018-08-07 09:17:48,532 [INFO] [main] o.springframework.context.support.DefaultLifecycleProcessor [DefaultLifecycleProcessor.java : 351] Starting beans in phase 0
2018-08-07 09:17:48,532 [INFO] [main] o.s.c.netflix.eureka.serviceregistry.EurekaServiceRegistry [EurekaServiceRegistry.java : 42] Registering application hmst-eureka with eureka with status UP
2018-08-07 09:17:48,597 [INFO] [Thread-13] o.s.cloud.netflix.eureka.server.EurekaServerBootstrap [EurekaServerBootstrap.java : 109] Setting the eureka configuration..
2018-08-07 09:17:48,677 [WARN] [Thread-13] com.netflix.config.sources.URLConfigurationSource [URLConfigurationSource.java : 121] No URLs will be polled as dynamic configuration sources.
2018-08-07 09:17:48,678 [INFO] [Thread-13] com.netflix.config.sources.URLConfigurationSource [URLConfigurationSource.java : 122] To enable URLs as dynamic configuration sources, define System property archaius.configurationSource.additionalUrls or make config.properties available on classpath.
2018-08-07 09:17:48,706 [INFO] [Thread-13] o.s.cloud.netflix.eureka.server.EurekaServerBootstrap [EurekaServerBootstrap.java : 114] Eureka data center value eureka.datacenter is not set, defaulting to default
2018-08-07 09:17:48,707 [INFO] [Thread-13] o.s.cloud.netflix.eureka.server.EurekaServerBootstrap [EurekaServerBootstrap.java : 128] Eureka environment value eureka.environment is not set, defaulting to test
2018-08-07 09:17:48,724 [INFO] [main] org.springframework.boot.web.embedded.tomcat.TomcatWebServer [TomcatWebServer.java : 206] Tomcat started on port(s): 8761 (http) with context path ''
2018-08-07 09:17:48,727 [INFO] [Thread-13] o.s.cloud.netflix.eureka.server.EurekaServerBootstrap [EurekaServerBootstrap.java : 184] isAws returned false
2018-08-07 09:17:48,728 [INFO] [Thread-13] o.s.cloud.netflix.eureka.server.EurekaServerBootstrap [EurekaServerBootstrap.java : 152] Initialized server context
2018-08-07 09:17:48,728 [INFO] [Thread-13] com.netflix.eureka.registry.PeerAwareInstanceRegistryImpl [PeerAwareInstanceRegistryImpl.java : 242] Got 1 instances from neighboring DS node
2018-08-07 09:17:48,728 [INFO] [Thread-13] com.netflix.eureka.registry.PeerAwareInstanceRegistryImpl [PeerAwareInstanceRegistryImpl.java : 243] Renew threshold is: 1
2018-08-07 09:17:48,728 [INFO] [Thread-13] com.netflix.eureka.registry.PeerAwareInstanceRegistryImpl [PeerAwareInstanceRegistryImpl.java : 254] Changing status to UP
2018-08-07 09:17:48,730 [INFO] [main] o.s.c.n.eureka.serviceregistry.EurekaAutoServiceRegistration [EurekaAutoServiceRegistration.java : 124] Updating port to 8761
2018-08-07 09:17:48,732 [INFO] [main] com.syscloud.eureka.HmstCloudEurekaApplication [StartupInfoLogger.java : 59] Started HmstCloudEurekaApplication in 15.461 seconds (JVM running for 18.758)
2018-08-07 09:17:48,740 [INFO] [Thread-13] o.s.c.n.eureka.server.EurekaServerInitializerConfiguration [EurekaServerInitializerConfiguration.java : 72] Started Eureka Server
2018-08-07 09:18:23,601 [INFO] [http-nio-8761-exec-2] o.a.catalina.core.ContainerBase.[Tomcat].[localhost].[/] [DirectJDKLog.java : 180] Initializing Spring FrameworkServlet 'dispatcherServlet'
2018-08-07 09:18:23,602 [INFO] [http-nio-8761-exec-2] org.springframework.web.servlet.DispatcherServlet [FrameworkServlet.java : 494] FrameworkServlet 'dispatcherServlet': initialization started
2018-08-07 09:18:23,630 [INFO] [http-nio-8761-exec-2] org.springframework.web.servlet.DispatcherServlet [FrameworkServlet.java : 509] FrameworkServlet 'dispatcherServlet': initialization completed in 28 ms
2018-08-07 09:18:25,697 [INFO] [http-nio-8761-exec-4] com.netflix.eureka.registry.AbstractInstanceRegistry [AbstractInstanceRegistry.java : 269] Registered instance HMST-CONFIGSERVICE/hmst-configservice:192.168.1.102:8783 with status UP (replication=false)
2018-08-07 09:18:26,537 [INFO] [http-nio-8761-exec-6] com.netflix.eureka.registry.AbstractInstanceRegistry [AbstractInstanceRegistry.java : 269] Registered instance HMST-CONFIGSERVICE/hmst-configservice:192.168.1.102:8783 with status UP (replication=true)
2018-08-07 09:18:48,735 [INFO] [Eureka-EvictionTimer] com.netflix.eureka.registry.AbstractInstanceRegistry [AbstractInstanceRegistry.java : 1247] Running the evict task with compensationTime 0ms
2018-08-07 09:19:08,075 [INFO] [http-nio-8761-exec-10] com.netflix.eureka.registry.AbstractInstanceRegistry [AbstractInstanceRegistry.java : 269] Registered instance HMST-CONFIGUREADMIN/1GIB6TSCX00VUJ9:hmst-configureadmin:8090 with status UP (replication=false)
2018-08-07 09:19:08,609 [INFO] [http-nio-8761-exec-1] com.netflix.eureka.registry.AbstractInstanceRegistry [AbstractInstanceRegistry.java : 269] Registered instance HMST-CONFIGUREADMIN/1GIB6TSCX00VUJ9:hmst-configureadmin:8090 with status UP (replication=true)
2018-08-07 09:19:48,735 [INFO] [Eureka-EvictionTimer] com.netflix.eureka.registry.AbstractInstanceRegistry [AbstractInstanceRegistry.java : 1247] Running the evict task with compensationTime 0ms
2018-08-07 09:20:48,736 [INFO] [Eureka-EvictionTimer] com.netflix.eureka.registry.AbstractInstanceRegistry [AbstractInstanceRegistry.java : 1247] Running the evict task with compensationTime 0ms
2018-08-07 09:21:48,736 [INFO] [Eureka-EvictionTimer] com.netflix.eureka.registry.AbstractInstanceRegistry [AbstractInstanceRegistry.java : 1247] Running the evict task with compensationTime 0ms
2018-08-07 09:22:48,737 [INFO] [Eureka-EvictionTimer] com.netflix.eureka.registry.AbstractInstanceRegistry [AbstractInstanceRegistry.java : 1247] Running the evict task with compensationTime 0ms
2018-08-07 09:23:48,737 [INFO] [Eureka-EvictionTimer] com.netflix.eureka.registry.AbstractInstanceRegistry [AbstractInstanceRegistry.java : 1247] Running the evict task with compensationTime 0ms
2018-08-07 09:24:48,738 [INFO] [Eureka-EvictionTimer] com.netflix.eureka.registry.AbstractInstanceRegistry [AbstractInstanceRegistry.java : 1247] Running the evict task with compensationTime 0ms
2018-08-07 09:25:48,738 [INFO] [Eureka-EvictionTimer] com.netflix.eureka.registry.AbstractInstanceRegistry [AbstractInstanceRegistry.java : 1247] Running the evict task with compensationTime 0ms
2018-08-07 09:26:48,738 [INFO] [Eureka-EvictionTimer] com.netflix.eureka.registry.AbstractInstanceRegistry [AbstractInstanceRegistry.java : 1247] Running the evict task with compensationTime 0ms
2018-08-07 09:27:48,739 [INFO] [Eureka-EvictionTimer] com.netflix.eureka.registry.AbstractInstanceRegistry [AbstractInstanceRegistry.java : 1247] Running the evict task with compensationTime 0ms
2018-08-07 09:27:57,496 [ERROR] [TaskBatchingWorker-target_localhost-17] com.netflix.eureka.cluster.ReplicationTaskProcessor [ReplicationTaskProcessor.java : 96] It seems to be a socket read timeout exception, it will retry later. if it continues to happen and some eureka node occupied all the cpu time, you should set property 'eureka.server.peer-node-read-timeout-ms' to a bigger value
com.sun.jersey.api.client.ClientHandlerException: java.net.SocketTimeoutException: Read timed out
	at com.sun.jersey.client.apache4.ApacheHttpClient4Handler.handle(ApacheHttpClient4Handler.java:187)
	at com.netflix.eureka.cluster.DynamicGZIPContentEncodingFilter.handle(DynamicGZIPContentEncodingFilter.java:48)
	at com.netflix.discovery.EurekaIdentityHeaderFilter.handle(EurekaIdentityHeaderFilter.java:27)
	at com.sun.jersey.api.client.Client.handle(Client.java:652)
	at com.sun.jersey.api.client.WebResource.handle(WebResource.java:682)
	at com.sun.jersey.api.client.WebResource.access$200(WebResource.java:74)
	at com.sun.jersey.api.client.WebResource$Builder.post(WebResource.java:570)
	at com.netflix.eureka.transport.JerseyReplicationClient.submitBatchUpdates(JerseyReplicationClient.java:116)
	at com.netflix.eureka.cluster.ReplicationTaskProcessor.process(ReplicationTaskProcessor.java:80)
	at com.netflix.eureka.util.batcher.TaskExecutors$BatchWorkerRunnable.run(TaskExecutors.java:187)
	at java.lang.Thread.run(Thread.java:745)
Caused by: java.net.SocketTimeoutException: Read timed out
	at java.net.SocketInputStream.socketRead0(Native Method)
	at java.net.SocketInputStream.socketRead(SocketInputStream.java:116)
	at java.net.SocketInputStream.read(SocketInputStream.java:170)
	at java.net.SocketInputStream.read(SocketInputStream.java:141)
	at org.apache.http.impl.io.AbstractSessionInputBuffer.fillBuffer(AbstractSessionInputBuffer.java:161)
	at org.apache.http.impl.io.SocketInputBuffer.fillBuffer(SocketInputBuffer.java:82)
	at org.apache.http.impl.io.AbstractSessionInputBuffer.readLine(AbstractSessionInputBuffer.java:278)
	at org.apache.http.impl.conn.DefaultHttpResponseParser.parseHead(DefaultHttpResponseParser.java:138)
	at org.apache.http.impl.conn.DefaultHttpResponseParser.parseHead(DefaultHttpResponseParser.java:56)
	at org.apache.http.impl.io.AbstractMessageParser.parse(AbstractMessageParser.java:259)
	at org.apache.http.impl.AbstractHttpClientConnection.receiveResponseHeader(AbstractHttpClientConnection.java:286)
	at org.apache.http.impl.conn.DefaultClientConnection.receiveResponseHeader(DefaultClientConnection.java:257)
	at org.apache.http.impl.conn.AbstractClientConnAdapter.receiveResponseHeader(AbstractClientConnAdapter.java:230)
	at org.apache.http.protocol.HttpRequestExecutor.doReceiveResponse(HttpRequestExecutor.java:273)
	at org.apache.http.protocol.HttpRequestExecutor.execute(HttpRequestExecutor.java:125)
	at org.apache.http.impl.client.DefaultRequestDirector.tryExecute(DefaultRequestDirector.java:684)
	at org.apache.http.impl.client.DefaultRequestDirector.execute(DefaultRequestDirector.java:486)
	at org.apache.http.impl.client.AbstractHttpClient.doExecute(AbstractHttpClient.java:835)
	at org.apache.http.impl.client.CloseableHttpClient.execute(CloseableHttpClient.java:118)
	at org.apache.http.impl.client.CloseableHttpClient.execute(CloseableHttpClient.java:56)
	at com.sun.jersey.client.apache4.ApacheHttpClient4Handler.handle(ApacheHttpClient4Handler.java:173)
	... 10 common frames omitted
2018-08-07 09:28:48,739 [INFO] [Eureka-EvictionTimer] com.netflix.eureka.registry.AbstractInstanceRegistry [AbstractInstanceRegistry.java : 1247] Running the evict task with compensationTime 0ms
2018-08-07 09:29:48,740 [INFO] [Eureka-EvictionTimer] com.netflix.eureka.registry.AbstractInstanceRegistry [AbstractInstanceRegistry.java : 1247] Running the evict task with compensationTime 0ms
2018-08-07 09:30:48,740 [INFO] [Eureka-EvictionTimer] com.netflix.eureka.registry.AbstractInstanceRegistry [AbstractInstanceRegistry.java : 1247] Running the evict task with compensationTime 0ms
2018-08-07 09:31:48,741 [INFO] [Eureka-EvictionTimer] com.netflix.eureka.registry.AbstractInstanceRegistry [AbstractInstanceRegistry.java : 1247] Running the evict task with compensationTime 0ms
2018-08-07 09:32:48,249 [INFO] [ReplicaAwareInstanceRegistry - RenewalThresholdUpdater] com.netflix.eureka.registry.PeerAwareInstanceRegistryImpl [PeerAwareInstanceRegistryImpl.java : 541] Current renewal threshold is : 5
2018-08-07 09:32:48,791 [INFO] [Eureka-EvictionTimer] com.netflix.eureka.registry.AbstractInstanceRegistry [AbstractInstanceRegistry.java : 1247] Running the evict task with compensationTime 48ms
2018-08-07 09:33:48,791 [INFO] [Eureka-EvictionTimer] com.netflix.eureka.registry.AbstractInstanceRegistry [AbstractInstanceRegistry.java : 1247] Running the evict task with compensationTime 0ms
2018-08-07 09:34:48,792 [INFO] [Eureka-EvictionTimer] com.netflix.eureka.registry.AbstractInstanceRegistry [AbstractInstanceRegistry.java : 1247] Running the evict task with compensationTime 0ms
2018-08-07 09:35:48,792 [INFO] [Eureka-EvictionTimer] com.netflix.eureka.registry.AbstractInstanceRegistry [AbstractInstanceRegistry.java : 1247] Running the evict task with compensationTime 0ms
2018-08-07 09:36:48,793 [INFO] [Eureka-EvictionTimer] com.netflix.eureka.registry.AbstractInstanceRegistry [AbstractInstanceRegistry.java : 1247] Running the evict task with compensationTime 0ms
2018-08-07 09:37:48,794 [INFO] [Eureka-EvictionTimer] com.netflix.eureka.registry.AbstractInstanceRegistry [AbstractInstanceRegistry.java : 1247] Running the evict task with compensationTime 0ms
2018-08-07 09:38:48,794 [INFO] [Eureka-EvictionTimer] com.netflix.eureka.registry.AbstractInstanceRegistry [AbstractInstanceRegistry.java : 1247] Running the evict task with compensationTime 0ms
2018-08-07 09:39:48,796 [INFO] [Eureka-EvictionTimer] com.netflix.eureka.registry.AbstractInstanceRegistry [AbstractInstanceRegistry.java : 1247] Running the evict task with compensationTime 1ms
2018-08-07 09:40:48,796 [INFO] [Eureka-EvictionTimer] com.netflix.eureka.registry.AbstractInstanceRegistry [AbstractInstanceRegistry.java : 1247] Running the evict task with compensationTime 0ms
2018-08-07 09:41:48,797 [INFO] [Eureka-EvictionTimer] com.netflix.eureka.registry.AbstractInstanceRegistry [AbstractInstanceRegistry.java : 1247] Running the evict task with compensationTime 0ms
2018-08-07 09:42:48,797 [INFO] [Eureka-EvictionTimer] com.netflix.eureka.registry.AbstractInstanceRegistry [AbstractInstanceRegistry.java : 1247] Running the evict task with compensationTime 0ms
2018-08-07 09:43:48,798 [INFO] [Eureka-EvictionTimer] com.netflix.eureka.registry.AbstractInstanceRegistry [AbstractInstanceRegistry.java : 1247] Running the evict task with compensationTime 0ms
2018-08-07 09:44:48,798 [INFO] [Eureka-EvictionTimer] com.netflix.eureka.registry.AbstractInstanceRegistry [AbstractInstanceRegistry.java : 1247] Running the evict task with compensationTime 0ms
2018-08-07 09:45:48,799 [INFO] [Eureka-EvictionTimer] com.netflix.eureka.registry.AbstractInstanceRegistry [AbstractInstanceRegistry.java : 1247] Running the evict task with compensationTime 0ms
2018-08-07 09:46:48,799 [INFO] [Eureka-EvictionTimer] com.netflix.eureka.registry.AbstractInstanceRegistry [AbstractInstanceRegistry.java : 1247] Running the evict task with compensationTime 0ms
2018-08-07 09:47:48,250 [INFO] [ReplicaAwareInstanceRegistry - RenewalThresholdUpdater] com.netflix.eureka.registry.PeerAwareInstanceRegistryImpl [PeerAwareInstanceRegistryImpl.java : 541] Current renewal threshold is : 5
2018-08-07 09:47:48,800 [INFO] [Eureka-EvictionTimer] com.netflix.eureka.registry.AbstractInstanceRegistry [AbstractInstanceRegistry.java : 1247] Running the evict task with compensationTime 0ms
2018-08-07 09:48:48,800 [INFO] [Eureka-EvictionTimer] com.netflix.eureka.registry.AbstractInstanceRegistry [AbstractInstanceRegistry.java : 1247] Running the evict task with compensationTime 0ms
2018-08-07 09:49:48,800 [INFO] [Eureka-EvictionTimer] com.netflix.eureka.registry.AbstractInstanceRegistry [AbstractInstanceRegistry.java : 1247] Running the evict task with compensationTime 0ms
2018-08-07 09:50:48,801 [INFO] [Eureka-EvictionTimer] com.netflix.eureka.registry.AbstractInstanceRegistry [AbstractInstanceRegistry.java : 1247] Running the evict task with compensationTime 0ms
2018-08-07 09:51:48,801 [INFO] [Eureka-EvictionTimer] com.netflix.eureka.registry.AbstractInstanceRegistry [AbstractInstanceRegistry.java : 1247] Running the evict task with compensationTime 0ms
2018-08-07 09:52:48,802 [INFO] [Eureka-EvictionTimer] com.netflix.eureka.registry.AbstractInstanceRegistry [AbstractInstanceRegistry.java : 1247] Running the evict task with compensationTime 0ms
2018-08-07 09:53:48,805 [INFO] [Eureka-EvictionTimer] com.netflix.eureka.registry.AbstractInstanceRegistry [AbstractInstanceRegistry.java : 1247] Running the evict task with compensationTime 2ms
2018-08-07 09:54:48,806 [INFO] [Eureka-EvictionTimer] com.netflix.eureka.registry.AbstractInstanceRegistry [AbstractInstanceRegistry.java : 1247] Running the evict task with compensationTime 0ms
2018-08-07 09:55:48,806 [INFO] [Eureka-EvictionTimer] com.netflix.eureka.registry.AbstractInstanceRegistry [AbstractInstanceRegistry.java : 1247] Running the evict task with compensationTime 0ms
2018-08-07 09:56:48,806 [INFO] [Eureka-EvictionTimer] com.netflix.eureka.registry.AbstractInstanceRegistry [AbstractInstanceRegistry.java : 1247] Running the evict task with compensationTime 0ms
2018-08-07 09:57:48,807 [INFO] [Eureka-EvictionTimer] com.netflix.eureka.registry.AbstractInstanceRegistry [AbstractInstanceRegistry.java : 1247] Running the evict task with compensationTime 0ms
2018-08-07 09:58:48,807 [INFO] [Eureka-EvictionTimer] com.netflix.eureka.registry.AbstractInstanceRegistry [AbstractInstanceRegistry.java : 1247] Running the evict task with compensationTime 0ms
2018-08-07 09:59:48,811 [INFO] [Eureka-EvictionTimer] com.netflix.eureka.registry.AbstractInstanceRegistry [AbstractInstanceRegistry.java : 1247] Running the evict task with compensationTime 1ms
2018-08-07 10:00:48,814 [INFO] [Eureka-EvictionTimer] com.netflix.eureka.registry.AbstractInstanceRegistry [AbstractInstanceRegistry.java : 1247] Running the evict task with compensationTime 0ms
2018-08-07 10:01:48,813 [INFO] [Eureka-EvictionTimer] com.netflix.eureka.registry.AbstractInstanceRegistry [AbstractInstanceRegistry.java : 1247] Running the evict task with compensationTime 0ms
2018-08-07 10:02:48,251 [INFO] [ReplicaAwareInstanceRegistry - RenewalThresholdUpdater] com.netflix.eureka.registry.PeerAwareInstanceRegistryImpl [PeerAwareInstanceRegistryImpl.java : 541] Current renewal threshold is : 5
2018-08-07 10:02:48,813 [INFO] [Eureka-EvictionTimer] com.netflix.eureka.registry.AbstractInstanceRegistry [AbstractInstanceRegistry.java : 1247] Running the evict task with compensationTime 0ms
2018-08-07 10:03:48,813 [INFO] [Eureka-EvictionTimer] com.netflix.eureka.registry.AbstractInstanceRegistry [AbstractInstanceRegistry.java : 1247] Running the evict task with compensationTime 0ms
2018-08-07 10:04:48,814 [INFO] [Eureka-EvictionTimer] com.netflix.eureka.registry.AbstractInstanceRegistry [AbstractInstanceRegistry.java : 1247] Running the evict task with compensationTime 0ms
2018-08-07 10:05:48,857 [INFO] [Eureka-EvictionTimer] com.netflix.eureka.registry.AbstractInstanceRegistry [AbstractInstanceRegistry.java : 1247] Running the evict task with compensationTime 42ms
2018-08-07 10:06:48,858 [INFO] [Eureka-EvictionTimer] com.netflix.eureka.registry.AbstractInstanceRegistry [AbstractInstanceRegistry.java : 1247] Running the evict task with compensationTime 0ms
2018-08-07 10:07:48,865 [INFO] [Eureka-EvictionTimer] com.netflix.eureka.registry.AbstractInstanceRegistry [AbstractInstanceRegistry.java : 1247] Running the evict task with compensationTime 6ms
2018-08-07 10:08:48,866 [INFO] [Eureka-EvictionTimer] com.netflix.eureka.registry.AbstractInstanceRegistry [AbstractInstanceRegistry.java : 1247] Running the evict task with compensationTime 0ms
2018-08-07 10:09:48,866 [INFO] [Eureka-EvictionTimer] com.netflix.eureka.registry.AbstractInstanceRegistry [AbstractInstanceRegistry.java : 1247] Running the evict task with compensationTime 0ms
2018-08-07 10:10:48,866 [INFO] [Eureka-EvictionTimer] com.netflix.eureka.registry.AbstractInstanceRegistry [AbstractInstanceRegistry.java : 1247] Running the evict task with compensationTime 0ms
2018-08-07 10:11:48,867 [INFO] [Eureka-EvictionTimer] com.netflix.eureka.registry.AbstractInstanceRegistry [AbstractInstanceRegistry.java : 1247] Running the evict task with compensationTime 0ms
2018-08-07 10:12:48,867 [INFO] [Eureka-EvictionTimer] com.netflix.eureka.registry.AbstractInstanceRegistry [AbstractInstanceRegistry.java : 1247] Running the evict task with compensationTime 0ms
2018-08-07 10:13:48,871 [INFO] [Eureka-EvictionTimer] com.netflix.eureka.registry.AbstractInstanceRegistry [AbstractInstanceRegistry.java : 1247] Running the evict task with compensationTime 2ms
2018-08-07 10:14:48,871 [INFO] [Eureka-EvictionTimer] com.netflix.eureka.registry.AbstractInstanceRegistry [AbstractInstanceRegistry.java : 1247] Running the evict task with compensationTime 0ms
2018-08-07 10:15:48,872 [INFO] [Eureka-EvictionTimer] com.netflix.eureka.registry.AbstractInstanceRegistry [AbstractInstanceRegistry.java : 1247] Running the evict task with compensationTime 0ms
2018-08-07 10:16:48,874 [INFO] [Eureka-EvictionTimer] com.netflix.eureka.registry.AbstractInstanceRegistry [AbstractInstanceRegistry.java : 1247] Running the evict task with compensationTime 0ms
2018-08-07 10:17:48,251 [INFO] [ReplicaAwareInstanceRegistry - RenewalThresholdUpdater] com.netflix.eureka.registry.PeerAwareInstanceRegistryImpl [PeerAwareInstanceRegistryImpl.java : 541] Current renewal threshold is : 5
2018-08-07 10:17:48,879 [INFO] [Eureka-EvictionTimer] com.netflix.eureka.registry.AbstractInstanceRegistry [AbstractInstanceRegistry.java : 1247] Running the evict task with compensationTime 4ms
2018-08-07 10:18:48,880 [INFO] [Eureka-EvictionTimer] com.netflix.eureka.registry.AbstractInstanceRegistry [AbstractInstanceRegistry.java : 1247] Running the evict task with compensationTime 0ms
2018-08-07 10:19:48,880 [INFO] [Eureka-EvictionTimer] com.netflix.eureka.registry.AbstractInstanceRegistry [AbstractInstanceRegistry.java : 1247] Running the evict task with compensationTime 0ms
2018-08-07 10:20:48,883 [INFO] [Eureka-EvictionTimer] com.netflix.eureka.registry.AbstractInstanceRegistry [AbstractInstanceRegistry.java : 1247] Running the evict task with compensationTime 0ms
